multiple relatedness values found for tuple (dentist, tooth): [1.62355512, 1.92939781]
multiple relatedness values found for tuple (dentist, truth): [-0.565572904, -0.115504444]
multiple relatedness values found for tuple (heir, heir): [0.0, 2.0]
multiple relatedness values found for tuple (getting, wicker): [-0.802963762, -0.645101213]
multiple relatedness values found for tuple (getting, wicked): [-0.791296213, -0.696201398]
multiple relatedness values found for tuple (dog, flea): [0.892434215, 1.261754742]
multiple relatedness values found for tuple (dog, free): [-0.450559247, 0.446357525]
multiple relatedness values found for tuple (dentist, fillings): [1.696305434, 1.319173899]
multiple relatedness values found for tuple (dentist, feelings): [-0.227316991, 0.611846549]
multiple relatedness values found for tuple (moment, sperm): [-0.456345808, -0.528280464]
multiple relatedness values found for tuple (moment, spur): [1.80293771, -0.186148235]
multiple relatedness values found for tuple (epoch, marks): [-0.765084941, -0.338321213]
multiple relatedness values found for tuple (marks, pock): [1.235380646, 1.983291002]
multiple relatedness values found for tuple (hobbit, lord): [0.082779547, 0.531293682]
multiple relatedness values found for tuple (habit, lord): [-0.696696471, -0.793695707]
multiple relatedness values found for tuple (hobbit, rings): [0.943917597, 1.04886537]
multiple relatedness values found for tuple (habit, rings): [-0.566546575, -0.133639154]
multiple relatedness values found for tuple (movie, screaming): [0.240603017, -0.4432239]
multiple relatedness values found for tuple (movie, screening): [1.034326306, 1.274227121]
multiple relatedness values found for tuple (like, ohms): [-0.961631853, 1.652848023]
multiple relatedness values found for tuple (Holmes, like): [-0.768492084, -0.766196634]
multiple relatedness values found for tuple (ohms, sherlock): [-0.558142296, -0.716885504]
multiple relatedness values found for tuple (Holmes, sherlock): [1.716176025, 1.285521525]
multiple relatedness values found for tuple (barista, tamper): [-0.321494003, 0.618823447]
multiple relatedness values found for tuple (barista, temper): [-0.695418569, -0.599540333]
multiple relatedness values found for tuple (lovers, tryst): [1.09218497, 0.605479633]
multiple relatedness values found for tuple (lovers, twist): [-0.605937267, 0.427677778]
multiple relatedness values found for tuple (language, propane): [-0.975849504, 0.581213196]
multiple relatedness values found for tuple (language, profane): [0.813567976, 0.558506589]
multiple relatedness values found for tuple (lord, tolkien): [1.160735078, 0.584542487]
multiple relatedness values found for tuple (lord, talking): [-0.456126881, -0.066337174]
multiple relatedness values found for tuple (rings, tolkien): [1.387542586, 0.774413856]
multiple relatedness values found for tuple (rings, talking): [-0.938879858, -0.572203202]
multiple relatedness values found for tuple (boss, shave): [-0.507400464, -0.285232904]
multiple relatedness values found for tuple (boss, slave): [1.072828636, 1.400749185]
multiple relatedness values found for tuple (driver, shave): [-0.643777786, -0.100281493]
multiple relatedness values found for tuple (driver, slave): [0.272936473, 0.443951792]
multiple relatedness values found for tuple (aiken, clay): [1.199433985, 1.941948899]
multiple relatedness values found for tuple (aching, clay): [-0.415952447, 0.305262777]
multiple relatedness values found for tuple (auntie, upped): [-0.802963762, -0.115912309]
multiple relatedness values found for tuple (ante, upped): [1.005601192, 0.725448669]
multiple relatedness values found for tuple (going, house): [-0.330278008, -0.018473313]
multiple relatedness values found for tuple (going, how's): [0.279061587, 0.342579865]
multiple relatedness values found for tuple (eire, ireland): [0.259286594, 0.602614438]
multiple relatedness values found for tuple (fire, ireland): [-0.805463266, -0.536183252]
multiple relatedness values found for tuple (watt, watt): [0.0, 2.0]
multiple relatedness values found for tuple (decade, tooth): [-0.472012752, -0.589792384]
multiple relatedness values found for tuple (decay, tooth): [1.114234322, 0.526024003]
multiple relatedness values found for tuple (post, traumatic): [0.434364099, 0.252779589]
multiple relatedness values found for tuple (stress, traumatic): [1.030537233, 0.816966059]
multiple relatedness values found for tuple (disorder, traumatic): [0.826936307, 0.901872606]
multiple relatedness values found for tuple (capital, dublin): [0.858460003, 0.370660942]
multiple relatedness values found for tuple (capital, doubling): [0.240717333, -0.353352067]
multiple relatedness values found for tuple (incisor, trading): [-0.908562066, -0.690569204]
multiple relatedness values found for tuple (insider, trading): [0.635210148, 0.711009001]
multiple relatedness values found for tuple (altitude, good): [-0.293776516, -0.299719032]
multiple relatedness values found for tuple (attitude, good): [0.893129765, 0.715570328]
multiple relatedness values found for tuple (christmas, presence): [-0.049557714, 0.208237428]
multiple relatedness values found for tuple (christmas, presents): [1.637799199, 1.961193125]
multiple relatedness values found for tuple (paper, ream): [0.479931977, 0.956801526]
multiple relatedness values found for tuple (cream, paper): [-0.805463266, -0.527414517]
multiple relatedness values found for tuple (author, made): [-0.044555276, -0.35643224]
multiple relatedness values found for tuple (made, offer): [0.330747771, -0.256753604]
multiple relatedness values found for tuple (heir, prince): [0.398963786, 1.47974664]
multiple relatedness values found for tuple (heir, william): [-0.017099358, 0.295560352]
multiple relatedness values found for tuple (british, heir): [0.577595328, 0.9746296]
multiple relatedness values found for tuple (heir, throne): [1.660920335, 1.706785224]
multiple relatedness values found for tuple (garden, house): [0.547336353, -0.608214201]
multiple relatedness values found for tuple (guarding, house): [0.384515963, 0.172127735]
multiple relatedness values found for tuple (desk, watt): [-1.020195935, -0.457721811]
multiple relatedness values found for tuple (lamp, watt): [1.245054572, 1.321393571]
multiple relatedness values found for tuple (uses, watt): [-0.369936721, -0.311913495]
multiple relatedness values found for tuple (light, watt): [1.81968929, 1.79124009]
multiple relatedness values found for tuple (bulb, watt): [1.260571326, 1.920607166]
multiple relatedness values found for tuple (hair, hair): [0.0, 2.0]
multiple relatedness values found for tuple (morning, sun): [1.438934245, 1.698846284]
saved clean relatedness data at ../data/relatedness_clean.csv
